<?xml version="1.0" encoding="UTF-8"?>
<!-- Generated by org.testng.reporters.JUnitXMLReporter -->
<testsuite hostname="LAPTOP-1JC55SRS" name="Test" tests="1" failures="1" timestamp="25 Oct 2021 18:57:45 GMT" time="8.298" errors="0">
  <testcase name="enterCredentials" time="8.252" classname="org.test.BowserLaunch">
    <failure type="java.lang.NullPointerException">
      <![CDATA[java.lang.NullPointerException
	at org.test.BaseClass.sendkeys(BaseClass.java:36)
	at org.test.BowserLaunch.enterCredentials(BowserLaunch.java:20)
... Removed 25 stack frames]]>
    </failure>
  </testcase> <!-- enterCredentials -->
</testsuite> <!-- Test -->
